Using pre-set license
Built from '2021.3/staging' branch; Version is '2021.3.5f1 (40eb3a945986) revision 4254522'; Using compiler version '192829333'; Build Type 'Release'
OS: 'Windows 10  (10.0.19044) 64bit Professional' Language: 'pl' Physical Memory: 32694 MB
BatchMode: 1, IsHumanControllingUs: 0, StartBugReporterOnCrash: 0, Is64bit: 1, IsPro: 1

COMMAND LINE ARGUMENTS:
C:\Program Files\Unity\Hub\Editor\2021.3.5f1\Editor\Unity.exe
-adb2
-batchMode
-noUpm
-name
AssetImportWorker1
-projectPath
C:/Users/Jakub/Documents/GitHub/Sneak-.game
-logFile
Logs/AssetImportWorker1.log
-srvPort
57281
Successfully changed project path to: C:/Users/Jakub/Documents/GitHub/Sneak-.game
C:/Users/Jakub/Documents/GitHub/Sneak-.game
[UnityMemory] Configuration Parameters - Can be set up in boot.config
    "memorysetup-bucket-allocator-granularity=16"
    "memorysetup-bucket-allocator-bucket-count=8"
    "memorysetup-bucket-allocator-block-size=33554432"
    "memorysetup-bucket-allocator-block-count=8"
    "memorysetup-main-allocator-block-size=16777216"
    "memorysetup-thread-allocator-block-size=16777216"
    "memorysetup-gfx-main-allocator-block-size=16777216"
    "memorysetup-gfx-thread-allocator-block-size=16777216"
    "memorysetup-cache-allocator-block-size=4194304"
    "memorysetup-typetree-allocator-block-size=2097152"
    "memorysetup-profiler-bucket-allocator-granularity=16"
    "memorysetup-profiler-bucket-allocator-bucket-count=8"
    "memorysetup-profiler-bucket-allocator-block-size=33554432"
    "memorysetup-profiler-bucket-allocator-block-count=8"
    "memorysetup-profiler-allocator-block-size=16777216"
    "memorysetup-profiler-editor-allocator-block-size=1048576"
    "memorysetup-temp-allocator-size-main=16777216"
    "memorysetup-job-temp-allocator-block-size=2097152"
    "memorysetup-job-temp-allocator-block-size-background=1048576"
    "memorysetup-job-temp-allocator-reduction-small-platforms=262144"
    "memorysetup-temp-allocator-size-background-worker=32768"
    "memorysetup-temp-allocator-size-job-worker=262144"
    "memorysetup-temp-allocator-size-preload-manager=33554432"
    "memorysetup-temp-allocator-size-nav-mesh-worker=65536"
    "memorysetup-temp-allocator-size-audio-worker=65536"
    "memorysetup-temp-allocator-size-cloud-worker=32768"
    "memorysetup-temp-allocator-size-gi-baking-worker=262144"
    "memorysetup-temp-allocator-size-gfx=262144"
Refreshing native plugins compatible for Editor in 54.28 ms, found 2 plugins.
Preloading 0 native plugins for Editor in 0.00 ms.
Initialize engine version: 2021.3.5f1 (40eb3a945986)
[Subsystems] Discovering subsystems at path C:/Program Files/Unity/Hub/Editor/2021.3.5f1/Editor/Data/Resources/UnitySubsystems
[Subsystems] Discovering subsystems at path C:/Users/Jakub/Documents/GitHub/Sneak-.game/Assets
GfxDevice: creating device client; threaded=0; jobified=0
Direct3D:
    Version:  Direct3D 11.0 [level 11.1]
    Renderer: NVIDIA GeForce GTX 1060 6GB (ID=0x1c03)
    Vendor:   NVIDIA
    VRAM:     6052 MB
    Driver:   31.0.15.1601
Initialize mono
Mono path[0] = 'C:/Program Files/Unity/Hub/Editor/2021.3.5f1/Editor/Data/Managed'
Mono path[1] = 'C:/Program Files/Unity/Hub/Editor/2021.3.5f1/Editor/Data/MonoBleedingEdge/lib/mono/unityjit-win32'
Mono config path = 'C:/Program Files/Unity/Hub/Editor/2021.3.5f1/Editor/Data/MonoBleedingEdge/etc'
Using monoOptions --debugger-agent=transport=dt_socket,embedding=1,server=y,suspend=n,address=127.0.0.1:56124
Begin MonoManager ReloadAssembly
Registering precompiled unity dll's ...
Register platform support module: C:/Program Files/Unity/Hub/Editor/2021.3.5f1/Editor/Data/PlaybackEngines/WebGLSupport/UnityEditor.WebGL.Extensions.dll
Register platform support module: C:/Program Files/Unity/Hub/Editor/2021.3.5f1/Editor/Data/PlaybackEngines/WindowsStandaloneSupport/UnityEditor.WindowsStandalone.Extensions.dll
Registered in 0.007737 seconds.
Native extension for WindowsStandalone target not found
Native extension for WebGL target not found
Refreshing native plugins compatible for Editor in 50.88 ms, found 2 plugins.
Preloading 0 native plugins for Editor in 0.00 ms.
Mono: successfully reloaded assembly
- Completed reload, in  0.479 seconds
Domain Reload Profiling:
	ReloadAssembly (479ms)
		BeginReloadAssembly (61ms)
			ExecutionOrderSort (0ms)
			DisableScriptedObjects (0ms)
			BackupInstance (0ms)
			ReleaseScriptingObjects (0ms)
			CreateAndSetChildDomain (1ms)
		EndReloadAssembly (330ms)
			LoadAssemblies (59ms)
			RebuildTransferFunctionScriptingTraits (0ms)
			SetupTypeCache (75ms)
			ReleaseScriptCaches (0ms)
			RebuildScriptCaches (19ms)
			SetupLoadedEditorAssemblies (195ms)
				LogAssemblyErrors (0ms)
				InitializePlatformSupportModulesInManaged (8ms)
				SetLoadedEditorAssemblies (0ms)
				RefreshPlugins (51ms)
				BeforeProcessingInitializeOnLoad (1ms)
				ProcessInitializeOnLoadAttributes (102ms)
				ProcessInitializeOnLoadMethodAttributes (32ms)
				AfterProcessingInitializeOnLoad (0ms)
				EditorAssembliesLoaded (0ms)
			ExecutionOrderSort2 (0ms)
			AwakeInstancesAfterBackupRestoration (0ms)
Platform modules already initialized, skipping
Registering precompiled user dll's ...
Registered in 0.004568 seconds.
Begin MonoManager ReloadAssembly
Native extension for WindowsStandalone target not found
Native extension for WebGL target not found
Refreshing native plugins compatible for Editor in 0.80 ms, found 2 plugins.
Preloading 0 native plugins for Editor in 0.00 ms.
Package Manager log level set to [2]
Mono: successfully reloaded assembly
- Completed reload, in  0.827 seconds
Domain Reload Profiling:
	ReloadAssembly (827ms)
		BeginReloadAssembly (87ms)
			ExecutionOrderSort (0ms)
			DisableScriptedObjects (4ms)
			BackupInstance (0ms)
			ReleaseScriptingObjects (0ms)
			CreateAndSetChildDomain (15ms)
		EndReloadAssembly (646ms)
			LoadAssemblies (68ms)
			RebuildTransferFunctionScriptingTraits (0ms)
			SetupTypeCache (133ms)
			ReleaseScriptCaches (1ms)
			RebuildScriptCaches (36ms)
			SetupLoadedEditorAssemblies (374ms)
				LogAssemblyErrors (0ms)
				InitializePlatformSupportModulesInManaged (6ms)
				SetLoadedEditorAssemblies (0ms)
				RefreshPlugins (1ms)
				BeforeProcessingInitializeOnLoad (67ms)
				ProcessInitializeOnLoadAttributes (199ms)
				ProcessInitializeOnLoadMethodAttributes (94ms)
				AfterProcessingInitializeOnLoad (7ms)
				EditorAssembliesLoaded (0ms)
			ExecutionOrderSort2 (0ms)
			AwakeInstancesAfterBackupRestoration (5ms)
Platform modules already initialized, skipping
========================================================================
Worker process is ready to serve import requests
Launched and connected shader compiler UnityShaderCompiler.exe after 0.04 seconds
Refreshing native plugins compatible for Editor in 1.17 ms, found 2 plugins.
Preloading 0 native plugins for Editor in 0.00 ms.
Unloading 2944 Unused Serialized files (Serialized files now loaded: 0)
Unloading 61 unused Assets / (502.0 KB). Loaded Objects now: 3409.
Memory consumption went from 137.9 MB to 137.5 MB.
Total: 4.902600 ms (FindLiveObjects: 0.193700 ms CreateObjectMapping: 0.062000 ms MarkObjects: 4.402500 ms  DeleteObjects: 0.243700 ms)

AssetImportParameters requested are different than current active one (requested -> active):
  custom:video-decoder-ogg-theora: a1e56fd34408186e4bbccfd4996cb3dc -> 
  custom:container-muxer-webm: aa71ff27fc2769a1b78a27578f13a17b -> 
  custom:container-demuxer-webm: 4f35f7cbe854078d1ac9338744f61a02 -> 
  custom:video-encoder-webm-vp8: eb34c28f22e8b96e1ab97ce403110664 -> 
  custom:audio-encoder-webm-vorbis: bf7c407c2cedff20999df2af8eb42d56 -> 
  custom:framework-win-MediaFoundation: 216162199b28c13a410421893ffa2e32 -> 
  custom:container-demuxer-ogg: 62fdf1f143b41e24485cea50d1cbac27 -> 
  custom:video-decoder-webm-vp8: 9c59270c3fd7afecdb556c50c9e8de78 -> 
  custom:audio-decoder-ogg-vorbis: bf7c407c2cedff20999df2af8eb42d56 -> 
========================================================================
Received Import Request.
  Time since last request: 5270.577224 seconds.
  path: Assets/NAACo/Warehouse_Pack_HD
  artifactKey: Guid(5b3e72c6fcf6e194fb4f3d01d305914d) Importer(815301076,1909f56bfc062723c751e8b465ee728b)
Start importing Assets/NAACo/Warehouse_Pack_HD using Guid(5b3e72c6fcf6e194fb4f3d01d305914d) Importer(815301076,1909f56bfc062723c751e8b465ee728b)  -> (artifact id: '7ec7e6743bd2e4bb587c9795f0f84c08') in 0.009094 seconds 
========================================================================
Received Import Request.
  Time since last request: 1.195842 seconds.
  path: Assets/NAACo/Warehouse_Pack_HD/Built-in/Prefabs/Box_2.prefab
  artifactKey: Guid(953158c0bcaac2542b8d951b194a804b) Importer(815301076,1909f56bfc062723c751e8b465ee728b)
Start importing Assets/NAACo/Warehouse_Pack_HD/Built-in/Prefabs/Box_2.prefab using Guid(953158c0bcaac2542b8d951b194a804b) Importer(815301076,1909f56bfc062723c751e8b465ee728b)  -> (artifact id: '58985bdf3e10ae44e7397105540489f4') in 0.231371 seconds 
========================================================================
Received Import Request.
  Time since last request: 0.000017 seconds.
  path: Assets/NAACo/Warehouse_Pack_HD/Built-in/Prefabs/Box_3.prefab
  artifactKey: Guid(c8d104e8cc86ab540871e7c8a9d01224) Importer(815301076,1909f56bfc062723c751e8b465ee728b)
Start importing Assets/NAACo/Warehouse_Pack_HD/Built-in/Prefabs/Box_3.prefab using Guid(c8d104e8cc86ab540871e7c8a9d01224) Importer(815301076,1909f56bfc062723c751e8b465ee728b)  -> (artifact id: 'dfa20b27eb65ec8a000796287f864e20') in 0.058954 seconds 
========================================================================
Received Import Request.
  Time since last request: 11.812715 seconds.
  path: Assets/Barrels/Prefab/Barrels(2).prefab
  artifactKey: Guid(49c4b31669070a14c8702b9eabf4f76f) Importer(815301076,1909f56bfc062723c751e8b465ee728b)
Start importing Assets/Barrels/Prefab/Barrels(2).prefab using Guid(49c4b31669070a14c8702b9eabf4f76f) Importer(815301076,1909f56bfc062723c751e8b465ee728b)  -> (artifact id: '64158df83a2b347688894381b2c21a2d') in 0.150203 seconds 
========================================================================
Received Import Request.
  Time since last request: 0.000012 seconds.
  path: Assets/Barrels/Prefab/Barrels(3).prefab
  artifactKey: Guid(34ab71bbe4db4864ca5a58734e958d25) Importer(815301076,1909f56bfc062723c751e8b465ee728b)
Start importing Assets/Barrels/Prefab/Barrels(3).prefab using Guid(34ab71bbe4db4864ca5a58734e958d25) Importer(815301076,1909f56bfc062723c751e8b465ee728b)  -> (artifact id: '33345e89bd17a3a7e61ad8da8ac5fd51') in 0.009421 seconds 
========================================================================
Received Import Request.
  Time since last request: 1012.957773 seconds.
  path: Assets/Barrels/Mesh/Barrels_mesh(2).FBX
  artifactKey: Guid(5be9215a12c8b3c44b68cf7ff37540c0) Importer(815301076,1909f56bfc062723c751e8b465ee728b)
Start importing Assets/Barrels/Mesh/Barrels_mesh(2).FBX using Guid(5be9215a12c8b3c44b68cf7ff37540c0) Importer(815301076,1909f56bfc062723c751e8b465ee728b)  -> (artifact id: '76535a8d9be641239abd9377bdf61e50') in 0.027844 seconds 
========================================================================
Received Import Request.
  Time since last request: 0.307373 seconds.
  path: Assets/Barrels/Materials/Barrels_diffuse.mat
  artifactKey: Guid(e006c15e3b42e6349b9ba1149e83cc23) Importer(815301076,1909f56bfc062723c751e8b465ee728b)
Start importing Assets/Barrels/Materials/Barrels_diffuse.mat using Guid(e006c15e3b42e6349b9ba1149e83cc23) Importer(815301076,1909f56bfc062723c751e8b465ee728b)  -> (artifact id: '32dfbb50b43d9fd735b6076e94601539') in 0.022201 seconds 
========================================================================
Received Import Request.
  Time since last request: 1.001365 seconds.
  path: Assets/Barrels/Prefab/Barrels(3).prefab
  artifactKey: Guid(34ab71bbe4db4864ca5a58734e958d25) Importer(815301076,1909f56bfc062723c751e8b465ee728b)
Start importing Assets/Barrels/Prefab/Barrels(3).prefab using Guid(34ab71bbe4db4864ca5a58734e958d25) Importer(815301076,1909f56bfc062723c751e8b465ee728b)  -> (artifact id: '4fdca1b87d32d40ea57df11bb78d1be3') in 0.009894 seconds 
========================================================================
Received Import Request.
  Time since last request: 84.661377 seconds.
  path: Assets/Barrels/Prefab/Barrels(4).prefab
  artifactKey: Guid(3f977774962264d44b97f2b61673e700) Importer(815301076,1909f56bfc062723c751e8b465ee728b)
Start importing Assets/Barrels/Prefab/Barrels(4).prefab using Guid(3f977774962264d44b97f2b61673e700) Importer(815301076,1909f56bfc062723c751e8b465ee728b)  -> (artifact id: '8b1adbdcc47c79dda7ec1e2952316d76') in 0.011014 seconds 
